<?xml version="1.0" encoding="UTF-8"?>
<!-- Generated by org.testng.reporters.JUnitXMLReporter -->
<testsuite hostname="KiLLeR-PC" ignored="2" name="Test" tests="2" failures="0" timestamp="03 Aug 2021 03:49:30 GMT" time="0.156" errors="0">
  <testcase name="customer" time="0.035" classname="org.testngPractice.GroupingEx"/>
  <testcase name="xerox" time="0.01" classname="org.testngPractice.GroupingEx"/>
  <testcase name="Guest" time="0.0" classname="org.testngPractice.GroupingEx">
    <ignored/>
  </testcase> <!-- Guest -->
  <testcase name="guest" time="0.0" classname="org.testngPractice.GroupingEx">
    <ignored/>
  </testcase> <!-- guest -->
</testsuite> <!-- Test -->
