<?xml version="1.0" encoding="UTF-8"?>
<!-- Generated by org.testng.reporters.JUnitXMLReporter -->
<testsuite hostname="KiLLeR-PC" ignored="0" name="Default test" tests="4" failures="0" timestamp="03 Aug 2021 03:42:30 GMT" time="0.298" errors="0">
  <testcase name="Guest" time="0.05" classname="org.testngPractice.GroupingEx"/>
  <testcase name="customer" time="0.017" classname="org.testngPractice.GroupingEx"/>
  <testcase name="guest" time="0.01" classname="org.testngPractice.GroupingEx"/>
  <testcase name="xerox" time="0.011" classname="org.testngPractice.GroupingEx"/>
</testsuite> <!-- Default test -->
