<?xml version="1.0" encoding="UTF-8"?>
<testng-results skipped="0" failed="0" ignored="0" total="2" passed="2">
  <reporter-output>
  </reporter-output>
  <suite name="ParaTestingSuite" duration-ms="21226" started-at="2021-08-09T04:01:01Z" finished-at="2021-08-09T04:01:22Z">
    <groups>
    </groups>
    <test name="CheckParallelTesting" duration-ms="21226" started-at="2021-08-09T04:01:01Z" finished-at="2021-08-09T04:01:22Z">
      <class name="org.testngPractice.ParallelTesting">
        <test-method status="PASS" signature="testMethod2()[pri:0, instance:org.testngPractice.ParallelTesting@26be92ad]" name="testMethod2" duration-ms="21089" started-at="2021-08-09T09:31:01Z" finished-at="2021-08-09T09:31:22Z">
          <reporter-output>
          </reporter-output>
        </test-method> <!-- testMethod2 -->
        <test-method status="PASS" signature="testMethod1()[pri:0, instance:org.testngPractice.ParallelTesting@26be92ad]" name="testMethod1" duration-ms="19823" started-at="2021-08-09T09:31:01Z" finished-at="2021-08-09T09:31:21Z">
          <reporter-output>
          </reporter-output>
        </test-method> <!-- testMethod1 -->
      </class> <!-- org.testngPractice.ParallelTesting -->
    </test> <!-- CheckParallelTesting -->
  </suite> <!-- ParaTestingSuite -->
</testng-results>
